\BOOKMARK [1][-]{section*.2}{Remerciements}{}% 1
\BOOKMARK [1][-]{section*.3}{R\351sum\351}{}% 2
\BOOKMARK [1][-]{section*.5}{Introduction}{}% 3
\BOOKMARK [1][-]{section.1}{Le cadre de travail}{}% 4
\BOOKMARK [2][-]{subsection.1.1}{Observatoire de Paris}{section.1}% 5
\BOOKMARK [2][-]{subsection.1.2}{Mat\351riels utilis\351s}{section.1}% 6
\BOOKMARK [2][-]{subsection.1.3}{Logiciels utilis\351s}{section.1}% 7
\BOOKMARK [1][-]{section.2}{D\351tails du sujet de stage}{}% 8
\BOOKMARK [2][-]{subsection.2.1}{Pr\351sentation d'IDL}{section.2}% 9
\BOOKMARK [2][-]{subsection.2.2}{Pr\351sentation de GDL}{section.2}% 10
\BOOKMARK [2][-]{subsection.2.3}{Logiciel libre}{section.2}% 11
\BOOKMARK [1][-]{section.3}{Travail r\351alis\351}{}% 12
\BOOKMARK [2][-]{subsection.3.1}{Les premiers pas}{section.3}% 13
\BOOKMARK [2][-]{subsection.3.2}{Fonction d'inversion de matrice}{section.3}% 14
\BOOKMARK [3][-]{subsubsection.3.2.1}{Contexte}{subsection.3.2}% 15
\BOOKMARK [3][-]{subsubsection.3.2.2}{R\351alisation}{subsection.3.2}% 16
\BOOKMARK [3][-]{subsubsection.3.2.3}{Tests}{subsection.3.2}% 17
\BOOKMARK [2][-]{subsection.3.3}{Nombre de threads}{section.3}% 18
\BOOKMARK [3][-]{subsubsection.3.3.1}{Contexte}{subsection.3.3}% 19
\BOOKMARK [3][-]{subsubsection.3.3.2}{R\351alisation}{subsection.3.3}% 20
\BOOKMARK [3][-]{subsubsection.3.3.3}{\311tude des performances}{subsection.3.3}% 21
\BOOKMARK [2][-]{subsection.3.4}{Factorisation de Cholesky}{section.3}% 22
\BOOKMARK [3][-]{subsubsection.3.4.1}{Description de factorisation de Cholesky}{subsection.3.4}% 23
\BOOKMARK [3][-]{subsubsection.3.4.2}{La r\351alisation de CHOLDC, CHOLSOL}{subsection.3.4}% 24
\BOOKMARK [3][-]{subsubsection.3.4.3}{La r\351alisation de LA\137CHOLDC, LA\137CHOLSOL}{subsection.3.4}% 25
\BOOKMARK [2][-]{subsection.3.5}{Convolution}{section.3}% 26
\BOOKMARK [3][-]{subsubsection.3.5.1}{Contexte}{subsection.3.5}% 27
\BOOKMARK [3][-]{subsubsection.3.5.2}{R\351alisation}{subsection.3.5}% 28
\BOOKMARK [3][-]{subsubsection.3.5.3}{Tests}{subsection.3.5}% 29
\BOOKMARK [2][-]{subsection.3.6}{Correction de bugs}{section.3}% 30
\BOOKMARK [1][-]{section*.16}{Conclusion}{}% 31
\BOOKMARK [1][-]{section*.17}{R\351f\351rences}{}% 32
\BOOKMARK [1][-]{section*.19}{Table des figures}{}% 33
\BOOKMARK [1][-]{section*.20}{Abr\351viations}{}% 34
\BOOKMARK [1][-]{section*.21}{Annexes}{}% 35
\BOOKMARK [2][-]{subsection.3.1}{Code de set\137num\137threads}{section*.21}% 36
\BOOKMARK [2][-]{subsection.3.2}{Fonction de convolution}{section*.21}% 37
