This is pdfTeX, Version 3.1415926-2.4-1.40.13 (TeX Live 2012/Debian) (format=pdflatex 2013.8.7)  2 SEP 2013 19:33
entering extended mode
 restricted \write18 enabled.
 %&-line parsing enabled.
**rapport.tex
(./rapport.tex
LaTeX2e <2011/06/27>
Babel <v3.8m> and hyphenation patterns for english, dumylang, nohyphenation, fr
ench, basque, loaded.
(/usr/share/texlive/texmf-dist/tex/latex/base/article.cls
Document Class: article 2007/10/19 v1.4h Standard LaTeX document class
(/usr/share/texlive/texmf-dist/tex/latex/base/size12.clo
File: size12.clo 2007/10/19 v1.4h Standard LaTeX file (size option)
)
\c@part=\count79
\c@section=\count80
\c@subsection=\count81
\c@subsubsection=\count82
\c@paragraph=\count83
\c@subparagraph=\count84
\c@figure=\count85
\c@table=\count86
\abovecaptionskip=\skip41
\belowcaptionskip=\skip42
\bibindent=\dimen102
)
(/usr/share/texlive/texmf-dist/tex/latex/base/inputenc.sty
Package: inputenc 2008/03/30 v1.1d Input encoding file
\inpenc@prehook=\toks14
\inpenc@posthook=\toks15

(/usr/share/texlive/texmf-dist/tex/latex/base/utf8.def
File: utf8.def 2008/04/05 v1.1m UTF-8 support for inputenc
Now handling font encoding OML ...
... no UTF-8 mapping file for font encoding OML
Now handling font encoding T1 ...
... processing UTF-8 mapping file for font encoding T1

(/usr/share/texlive/texmf-dist/tex/latex/base/t1enc.dfu
File: t1enc.dfu 2008/04/05 v1.1m UTF-8 support for inputenc
   defining Unicode char U+00A1 (decimal 161)
   defining Unicode char U+00A3 (decimal 163)
   defining Unicode char U+00AB (decimal 171)
   defining Unicode char U+00BB (decimal 187)
   defining Unicode char U+00BF (decimal 191)
   defining Unicode char U+00C0 (decimal 192)
   defining Unicode char U+00C1 (decimal 193)
   defining Unicode char U+00C2 (decimal 194)
   defining Unicode char U+00C3 (decimal 195)
   defining Unicode char U+00C4 (decimal 196)
   defining Unicode char U+00C5 (decimal 197)
   defining Unicode char U+00C6 (decimal 198)
   defining Unicode char U+00C7 (decimal 199)
   defining Unicode char U+00C8 (decimal 200)
   defining Unicode char U+00C9 (decimal 201)
   defining Unicode char U+00CA (decimal 202)
   defining Unicode char U+00CB (decimal 203)
   defining Unicode char U+00CC (decimal 204)
   defining Unicode char U+00CD (decimal 205)
   defining Unicode char U+00CE (decimal 206)
   defining Unicode char U+00CF (decimal 207)
   defining Unicode char U+00D0 (decimal 208)
   defining Unicode char U+00D1 (decimal 209)
   defining Unicode char U+00D2 (decimal 210)
   defining Unicode char U+00D3 (decimal 211)
   defining Unicode char U+00D4 (decimal 212)
   defining Unicode char U+00D5 (decimal 213)
   defining Unicode char U+00D6 (decimal 214)
   defining Unicode char U+00D8 (decimal 216)
   defining Unicode char U+00D9 (decimal 217)
   defining Unicode char U+00DA (decimal 218)
   defining Unicode char U+00DB (decimal 219)
   defining Unicode char U+00DC (decimal 220)
   defining Unicode char U+00DD (decimal 221)
   defining Unicode char U+00DE (decimal 222)
   defining Unicode char U+00DF (decimal 223)
   defining Unicode char U+00E0 (decimal 224)
   defining Unicode char U+00E1 (decimal 225)
   defining Unicode char U+00E2 (decimal 226)
   defining Unicode char U+00E3 (decimal 227)
   defining Unicode char U+00E4 (decimal 228)
   defining Unicode char U+00E5 (decimal 229)
   defining Unicode char U+00E6 (decimal 230)
   defining Unicode char U+00E7 (decimal 231)
   defining Unicode char U+00E8 (decimal 232)
   defining Unicode char U+00E9 (decimal 233)
   defining Unicode char U+00EA (decimal 234)
   defining Unicode char U+00EB (decimal 235)
   defining Unicode char U+00EC (decimal 236)
   defining Unicode char U+00ED (decimal 237)
   defining Unicode char U+00EE (decimal 238)
   defining Unicode char U+00EF (decimal 239)
   defining Unicode char U+00F0 (decimal 240)
   defining Unicode char U+00F1 (decimal 241)
   defining Unicode char U+00F2 (decimal 242)
   defining Unicode char U+00F3 (decimal 243)
   defining Unicode char U+00F4 (decimal 244)
   defining Unicode char U+00F5 (decimal 245)
   defining Unicode char U+00F6 (decimal 246)
   defining Unicode char U+00F8 (decimal 248)
   defining Unicode char U+00F9 (decimal 249)
   defining Unicode char U+00FA (decimal 250)
   defining Unicode char U+00FB (decimal 251)
   defining Unicode char U+00FC (decimal 252)
   defining Unicode char U+00FD (decimal 253)
   defining Unicode char U+00FE (decimal 254)
   defining Unicode char U+00FF (decimal 255)
   defining Unicode char U+0102 (decimal 258)
   defining Unicode char U+0103 (decimal 259)
   defining Unicode char U+0104 (decimal 260)
   defining Unicode char U+0105 (decimal 261)
   defining Unicode char U+0106 (decimal 262)
   defining Unicode char U+0107 (decimal 263)
   defining Unicode char U+010C (decimal 268)
   defining Unicode char U+010D (decimal 269)
   defining Unicode char U+010E (decimal 270)
   defining Unicode char U+010F (decimal 271)
   defining Unicode char U+0110 (decimal 272)
   defining Unicode char U+0111 (decimal 273)
   defining Unicode char U+0118 (decimal 280)
   defining Unicode char U+0119 (decimal 281)
   defining Unicode char U+011A (decimal 282)
   defining Unicode char U+011B (decimal 283)
   defining Unicode char U+011E (decimal 286)
   defining Unicode char U+011F (decimal 287)
   defining Unicode char U+0130 (decimal 304)
   defining Unicode char U+0131 (decimal 305)
   defining Unicode char U+0132 (decimal 306)
   defining Unicode char U+0133 (decimal 307)
   defining Unicode char U+0139 (decimal 313)
   defining Unicode char U+013A (decimal 314)
   defining Unicode char U+013D (decimal 317)
   defining Unicode char U+013E (decimal 318)
   defining Unicode char U+0141 (decimal 321)
   defining Unicode char U+0142 (decimal 322)
   defining Unicode char U+0143 (decimal 323)
   defining Unicode char U+0144 (decimal 324)
   defining Unicode char U+0147 (decimal 327)
   defining Unicode char U+0148 (decimal 328)
   defining Unicode char U+014A (decimal 330)
   defining Unicode char U+014B (decimal 331)
   defining Unicode char U+0150 (decimal 336)
   defining Unicode char U+0151 (decimal 337)
   defining Unicode char U+0152 (decimal 338)
   defining Unicode char U+0153 (decimal 339)
   defining Unicode char U+0154 (decimal 340)
   defining Unicode char U+0155 (decimal 341)
   defining Unicode char U+0158 (decimal 344)
   defining Unicode char U+0159 (decimal 345)
   defining Unicode char U+015A (decimal 346)
   defining Unicode char U+015B (decimal 347)
   defining Unicode char U+015E (decimal 350)
   defining Unicode char U+015F (decimal 351)
   defining Unicode char U+0160 (decimal 352)
   defining Unicode char U+0161 (decimal 353)
   defining Unicode char U+0162 (decimal 354)
   defining Unicode char U+0163 (decimal 355)
   defining Unicode char U+0164 (decimal 356)
   defining Unicode char U+0165 (decimal 357)
   defining Unicode char U+016E (decimal 366)
   defining Unicode char U+016F (decimal 367)
   defining Unicode char U+0170 (decimal 368)
   defining Unicode char U+0171 (decimal 369)
   defining Unicode char U+0178 (decimal 376)
   defining Unicode char U+0179 (decimal 377)
   defining Unicode char U+017A (decimal 378)
   defining Unicode char U+017B (decimal 379)
   defining Unicode char U+017C (decimal 380)
   defining Unicode char U+017D (decimal 381)
   defining Unicode char U+017E (decimal 382)
   defining Unicode char U+200C (decimal 8204)
   defining Unicode char U+2013 (decimal 8211)
   defining Unicode char U+2014 (decimal 8212)
   defining Unicode char U+2018 (decimal 8216)
   defining Unicode char U+2019 (decimal 8217)
   defining Unicode char U+201A (decimal 8218)
   defining Unicode char U+201C (decimal 8220)
   defining Unicode char U+201D (decimal 8221)
   defining Unicode char U+201E (decimal 8222)
   defining Unicode char U+2030 (decimal 8240)
   defining Unicode char U+2031 (decimal 8241)
   defining Unicode char U+2039 (decimal 8249)
   defining Unicode char U+203A (decimal 8250)
   defining Unicode char U+2423 (decimal 9251)
)
Now handling font encoding OT1 ...
... processing UTF-8 mapping file for font encoding OT1

(/usr/share/texlive/texmf-dist/tex/latex/base/ot1enc.dfu
File: ot1enc.dfu 2008/04/05 v1.1m UTF-8 support for inputenc
   defining Unicode char U+00A1 (decimal 161)
   defining Unicode char U+00A3 (decimal 163)
   defining Unicode char U+00B8 (decimal 184)
   defining Unicode char U+00BF (decimal 191)
   defining Unicode char U+00C5 (decimal 197)
   defining Unicode char U+00C6 (decimal 198)
   defining Unicode char U+00D8 (decimal 216)
   defining Unicode char U+00DF (decimal 223)
   defining Unicode char U+00E6 (decimal 230)
   defining Unicode char U+00EC (decimal 236)
   defining Unicode char U+00ED (decimal 237)
   defining Unicode char U+00EE (decimal 238)
   defining Unicode char U+00EF (decimal 239)
   defining Unicode char U+00F8 (decimal 248)
   defining Unicode char U+0131 (decimal 305)
   defining Unicode char U+0141 (decimal 321)
   defining Unicode char U+0142 (decimal 322)
   defining Unicode char U+0152 (decimal 338)
   defining Unicode char U+0153 (decimal 339)
   defining Unicode char U+2013 (decimal 8211)
   defining Unicode char U+2014 (decimal 8212)
   defining Unicode char U+2018 (decimal 8216)
   defining Unicode char U+2019 (decimal 8217)
   defining Unicode char U+201C (decimal 8220)
   defining Unicode char U+201D (decimal 8221)
)
Now handling font encoding OMS ...
... processing UTF-8 mapping file for font encoding OMS

(/usr/share/texlive/texmf-dist/tex/latex/base/omsenc.dfu
File: omsenc.dfu 2008/04/05 v1.1m UTF-8 support for inputenc
   defining Unicode char U+00A7 (decimal 167)
   defining Unicode char U+00B6 (decimal 182)
   defining Unicode char U+00B7 (decimal 183)
   defining Unicode char U+2020 (decimal 8224)
   defining Unicode char U+2021 (decimal 8225)
   defining Unicode char U+2022 (decimal 8226)
)
Now handling font encoding OMX ...
... no UTF-8 mapping file for font encoding OMX
Now handling font encoding U ...
... no UTF-8 mapping file for font encoding U
   defining Unicode char U+00A9 (decimal 169)
   defining Unicode char U+00AA (decimal 170)
   defining Unicode char U+00AE (decimal 174)
   defining Unicode char U+00BA (decimal 186)
   defining Unicode char U+02C6 (decimal 710)
   defining Unicode char U+02DC (decimal 732)
   defining Unicode char U+200C (decimal 8204)
   defining Unicode char U+2026 (decimal 8230)
   defining Unicode char U+2122 (decimal 8482)
   defining Unicode char U+2423 (decimal 9251)
))
(/usr/share/texlive/texmf-dist/tex/latex/base/fontenc.sty
Package: fontenc 2005/09/27 v1.99g Standard LaTeX package

(/usr/share/texlive/texmf-dist/tex/latex/base/t1enc.def
File: t1enc.def 2005/09/27 v1.99g Standard LaTeX file
LaTeX Font Info:    Redeclaring font encoding T1 on input line 43.
))
(/usr/share/texlive/texmf-dist/tex/generic/babel/babel.sty
Package: babel 2008/07/08 v3.8m The Babel package

(/usr/share/texlive/texmf-dist/tex/generic/babel/english.ldf
Language: english 2005/03/30 v3.3o English support from the babel system

(/usr/share/texlive/texmf-dist/tex/generic/babel/babel.def
File: babel.def 2008/07/08 v3.8m Babel common definitions
\babel@savecnt=\count87
\U@D=\dimen103
)
\l@british = a dialect from \language\l@english 
\l@UKenglish = a dialect from \language\l@english 
\l@canadian = a dialect from \language\l@american 
\l@australian = a dialect from \language\l@british 
\l@newzealand = a dialect from \language\l@british 
)
(/usr/share/texlive/texmf-dist/tex/generic/babel/frenchb.ldf
Language: frenchb 2010/08/21 v2.5a French support from the babel system
Package babel Info: Making : an active character on input line 234.
Package babel Info: Making ; an active character on input line 235.
Package babel Info: Making ! an active character on input line 236.
Package babel Info: Making ? an active character on input line 237.
\FB@Mht=\dimen104
\std@mcc=\count88
\dec@mcc=\count89
\parindentFFN=\dimen105

*************************************
* Local config file frenchb.cfg used
*
(/usr/share/texlive/texmf-dist/tex/generic/babel/frenchb.cfg)))
(/usr/share/texlive/texmf-dist/tex/latex/carlisle/scalefnt.sty)
(/usr/share/texlive/texmf-dist/tex/latex/graphics/keyval.sty
Package: keyval 1999/03/16 v1.13 key=value parser (DPC)
\KV@toks@=\toks16
)
(/usr/share/texlive/texmf-dist/tex/latex/graphics/graphicx.sty
Package: graphicx 1999/02/16 v1.0f Enhanced LaTeX Graphics (DPC,SPQR)

(/usr/share/texlive/texmf-dist/tex/latex/graphics/graphics.sty
Package: graphics 2009/02/05 v1.0o Standard LaTeX Graphics (DPC,SPQR)

(/usr/share/texlive/texmf-dist/tex/latex/graphics/trig.sty
Package: trig 1999/03/16 v1.09 sin cos tan (DPC)
)
(/usr/share/texlive/texmf-dist/tex/latex/latexconfig/graphics.cfg
File: graphics.cfg 2010/04/23 v1.9 graphics configuration of TeX Live
)
Package graphics Info: Driver file: pdftex.def on input line 91.

(/usr/share/texlive/texmf-dist/tex/latex/pdftex-def/pdftex.def
File: pdftex.def 2011/05/27 v0.06d Graphics/color for pdfTeX

(/usr/share/texlive/texmf-dist/tex/generic/oberdiek/infwarerr.sty
Package: infwarerr 2010/04/08 v1.3 Providing info/warning/error messages (HO)
)
(/usr/share/texlive/texmf-dist/tex/generic/oberdiek/ltxcmds.sty
Package: ltxcmds 2011/11/09 v1.22 LaTeX kernel commands for general use (HO)
)
\Gread@gobject=\count90
))
\Gin@req@height=\dimen106
\Gin@req@width=\dimen107
)
(/usr/share/texlive/texmf-dist/tex/latex/setspace/setspace.sty
Package: setspace 2011/12/19 v6.7a set line spacing
)
(/usr/share/texlive/texmf-dist/tex/latex/hyperref/hyperref.sty
Package: hyperref 2012/05/13 v6.82q Hypertext links for LaTeX

(/usr/share/texlive/texmf-dist/tex/generic/oberdiek/hobsub-hyperref.sty
Package: hobsub-hyperref 2012/05/28 v1.13 Bundle oberdiek, subset hyperref (HO)


(/usr/share/texlive/texmf-dist/tex/generic/oberdiek/hobsub-generic.sty
Package: hobsub-generic 2012/05/28 v1.13 Bundle oberdiek, subset generic (HO)
Package: hobsub 2012/05/28 v1.13 Construct package bundles (HO)
Package hobsub Info: Skipping package `infwarerr' (already loaded).
Package hobsub Info: Skipping package `ltxcmds' (already loaded).
Package: ifluatex 2010/03/01 v1.3 Provides the ifluatex switch (HO)
Package ifluatex Info: LuaTeX not detected.
Package: ifvtex 2010/03/01 v1.5 Detect VTeX and its facilities (HO)
Package ifvtex Info: VTeX not detected.
Package: intcalc 2007/09/27 v1.1 Expandable calculations with integers (HO)
Package: ifpdf 2011/01/30 v2.3 Provides the ifpdf switch (HO)
Package ifpdf Info: pdfTeX in PDF mode is detected.
Package: etexcmds 2011/02/16 v1.5 Avoid name clashes with e-TeX commands (HO)
Package etexcmds Info: Could not find \expanded.
(etexcmds)             That can mean that you are not using pdfTeX 1.50 or
(etexcmds)             that some package has redefined \expanded.
(etexcmds)             In the latter case, load this package earlier.
Package: kvsetkeys 2012/04/25 v1.16 Key value parser (HO)
Package: kvdefinekeys 2011/04/07 v1.3 Define keys (HO)
Package: pdftexcmds 2011/11/29 v0.20 Utility functions of pdfTeX for LuaTeX (HO
)
Package pdftexcmds Info: LuaTeX not detected.
Package pdftexcmds Info: \pdf@primitive is available.
Package pdftexcmds Info: \pdf@ifprimitive is available.
Package pdftexcmds Info: \pdfdraftmode found.
Package: pdfescape 2011/11/25 v1.13 Implements pdfTeX's escape features (HO)
Package: bigintcalc 2012/04/08 v1.3 Expandable calculations on big integers (HO
)
Package: bitset 2011/01/30 v1.1 Handle bit-vector datatype (HO)
Package: uniquecounter 2011/01/30 v1.2 Provide unlimited unique counter (HO)
)
Package hobsub Info: Skipping package `hobsub' (already loaded).
Package: letltxmacro 2010/09/02 v1.4 Let assignment for LaTeX macros (HO)
Package: hopatch 2012/05/28 v1.2 Wrapper for package hooks (HO)
Package: xcolor-patch 2011/01/30 xcolor patch
Package: atveryend 2011/06/30 v1.8 Hooks at the very end of document (HO)
Package atveryend Info: \enddocument detected (standard20110627).
Package: atbegshi 2011/10/05 v1.16 At begin shipout hook (HO)
Package: refcount 2011/10/16 v3.4 Data extraction from label references (HO)
Package: hycolor 2011/01/30 v1.7 Color options for hyperref/bookmark (HO)
)
(/usr/share/texlive/texmf-dist/tex/generic/ifxetex/ifxetex.sty
Package: ifxetex 2010/09/12 v0.6 Provides ifxetex conditional
)
(/usr/share/texlive/texmf-dist/tex/latex/oberdiek/kvoptions.sty
Package: kvoptions 2011/06/30 v3.11 Key value format for package options (HO)
)
\@linkdim=\dimen108
\Hy@linkcounter=\count91
\Hy@pagecounter=\count92

(/usr/share/texlive/texmf-dist/tex/latex/hyperref/pd1enc.def
File: pd1enc.def 2012/05/13 v6.82q Hyperref: PDFDocEncoding definition (HO)
Now handling font encoding PD1 ...
... no UTF-8 mapping file for font encoding PD1
)
\Hy@SavedSpaceFactor=\count93

(/usr/share/texlive/texmf-dist/tex/latex/latexconfig/hyperref.cfg
File: hyperref.cfg 2002/06/06 v1.2 hyperref configuration of TeXLive
)
Package hyperref Info: Option `final' set `true' on input line 3941.
Package hyperref Info: Hyper figures OFF on input line 4062.
Package hyperref Info: Link nesting OFF on input line 4067.
Package hyperref Info: Hyper index ON on input line 4070.
Package hyperref Info: Plain pages OFF on input line 4077.
Package hyperref Info: Backreferencing OFF on input line 4082.
Package hyperref Info: Implicit mode ON; LaTeX internals redefined.
Package hyperref Info: Bookmarks ON on input line 4300.
\c@Hy@tempcnt=\count94

(/usr/share/texlive/texmf-dist/tex/latex/url/url.sty
\Urlmuskip=\muskip10
Package: url 2006/04/12  ver 3.3  Verb mode for urls, etc.
)
LaTeX Info: Redefining \url on input line 4653.
\Fld@menulength=\count95
\Field@Width=\dimen109
\Fld@charsize=\dimen110
Package hyperref Info: Hyper figures OFF on input line 5773.
Package hyperref Info: Link nesting OFF on input line 5778.
Package hyperref Info: Hyper index ON on input line 5781.
Package hyperref Info: backreferencing OFF on input line 5788.
Package hyperref Info: Link coloring OFF on input line 5793.
Package hyperref Info: Link coloring with OCG OFF on input line 5798.
Package hyperref Info: PDF/A mode OFF on input line 5803.
LaTeX Info: Redefining \ref on input line 5843.
LaTeX Info: Redefining \pageref on input line 5847.
\Hy@abspage=\count96
\c@Item=\count97
\c@Hfootnote=\count98
)

Package hyperref Message: Driver (autodetected): hpdftex.

(/usr/share/texlive/texmf-dist/tex/latex/hyperref/hpdftex.def
File: hpdftex.def 2012/05/13 v6.82q Hyperref driver for pdfTeX
\Fld@listcount=\count99
\c@bookmark@seq@number=\count100

(/usr/share/texlive/texmf-dist/tex/latex/oberdiek/rerunfilecheck.sty
Package: rerunfilecheck 2011/04/15 v1.7 Rerun checks for auxiliary files (HO)
Package uniquecounter Info: New unique counter `rerunfilecheck' on input line 2
82.
)
\Hy@SectionHShift=\skip43
)
(/usr/share/texlive/texmf-dist/tex/latex/tools/varioref.sty
Package: varioref 2011/10/02 v1.4z package for extended references (FMi)
\c@vrcnt=\count101
)
(/usr/share/texlive/texmf-dist/tex/latex/easylist/easylist.sty
Package: easylist 2010/02/28 v.1.3 Numbered items with a single command.
\el@CounterTotal=\count102
\el@Scratch=\count103
\el@ControlCounter=\count104
\el@CounterLevel=\count105
\c@List1=\count106
\c@List2=\count107
\c@List3=\count108
\c@List4=\count109
\c@List5=\count110
\c@List6=\count111
\c@List7=\count112
\c@List8=\count113
\c@List9=\count114
\c@List10=\count115
\el@ProgressiveDimension=\dimen111
\el@CounterBox=\box26
\el@ControlBox=\box27
\el@TotalMargin=\dimen112
\el@LeftMove=\dimen113
)
(/usr/share/texlive/texmf-dist/tex/latex/eurosym/eurosym.sty
Package: eurosym 1998/08/06 v1.1 European currency symbol ``Euro''
\@eurobox=\box28
)
(/usr/share/texlive/texmf-dist/tex/latex/caption/caption.sty
Package: caption 2012/02/19 v3.2f Customizing captions (AR)

(/usr/share/texlive/texmf-dist/tex/latex/caption/caption3.sty
Package: caption3 2012/01/12 v1.4b caption3 kernel (AR)
\captionmargin=\dimen114
\captionmargin@=\dimen115
\captionwidth=\dimen116
\caption@indent=\dimen117
\caption@parindent=\dimen118
\caption@hangindent=\dimen119
)
\c@ContinuedFloat=\count116
Package caption Info: hyperref package is loaded.
)
(/usr/share/texlive/texmf-dist/tex/latex/caption/subcaption.sty
Package: subcaption 2012/01/12 v1.1d Sub-captions (AR)
\c@subfigure=\count117
\c@subtable=\count118
)
(/usr/share/texlive/texmf-dist/tex/latex/wrapfig/wrapfig.sty
\wrapoverhang=\dimen120
\WF@size=\dimen121
\c@WF@wrappedlines=\count119
\WF@box=\box29
\WF@everypar=\toks17
Package: wrapfig 2003/01/31  v 3.6
)
(/usr/share/texlive/texmf-dist/tex/latex/floatrow/floatrow.sty
Package: floatrow 2008/08/02 v0.3b floatrow: float package extension
\c@float@type=\count120
\float@exts=\toks18
\float@box=\box30
\@floatcapt=\box31
Package floatrow Info: Modified float package code loaded on input line 455.
Package floatrow Info: Modified rotfloat package code loaded on input line 473.

\FR@everyfloat=\toks19
\flrow@foot=\insert233
\FB@wd=\dimen122
\FBo@wd=\dimen123
\FBc@wd=\dimen124
\FBo@ht=\skip44
\FBc@ht=\skip45
\FBf@ht=\skip46
\FBo@max=\skip47
\FBc@max=\skip48
\FBf@max=\skip49
\c@FBl@b=\count121
\floatbox@depth=\count122
\c@FRobj=\count123
\c@FRsobj=\count124
\Xhsize=\skip50
\sXhsize=\skip51
\Zhsize=\skip52
\sZhsize=\skip53
\flrow@rowbox=\box32
\FR@Zunitlength=\dimen125
\c@FBcnt=\count125
\FPOScnt=\count126
\LTleft=\skip54
\LTright=\skip55
\LTleft=\skip56
\LTright=\skip57
\flrow@types=\toks20
)
(/usr/share/texlive/texmf-dist/tex/latex/fancyhdr/fancyhdr.sty
\fancy@headwidth=\skip58
\f@ncyO@elh=\skip59
\f@ncyO@erh=\skip60
\f@ncyO@olh=\skip61
\f@ncyO@orh=\skip62
\f@ncyO@elf=\skip63
\f@ncyO@erf=\skip64
\f@ncyO@olf=\skip65
\f@ncyO@orf=\skip66
)
(/usr/share/texlive/texmf-dist/tex/latex/hyperref/nameref.sty
Package: nameref 2010/04/30 v2.40 Cross-referencing by name of section

(/usr/share/texlive/texmf-dist/tex/generic/oberdiek/gettitlestring.sty
Package: gettitlestring 2010/12/03 v1.4 Cleanup title references (HO)
)
\c@section@level=\count127
)
(/usr/share/texlive/texmf-dist/tex/latex/listings/listings.sty
\lst@mode=\count128
\lst@gtempboxa=\box33
\lst@token=\toks21
\lst@length=\count129
\lst@currlwidth=\dimen126
\lst@column=\count130
\lst@pos=\count131
\lst@lostspace=\dimen127
\lst@width=\dimen128
\lst@newlines=\count132
\lst@lineno=\count133
\lst@maxwidth=\dimen129

(/usr/share/texlive/texmf-dist/tex/latex/listings/lstmisc.sty
File: lstmisc.sty 2007/02/22 1.4 (Carsten Heinz)
\c@lstnumber=\count134
\lst@skipnumbers=\count135
\lst@framebox=\box34
)
(/usr/share/texlive/texmf-dist/tex/latex/listings/listings.cfg
File: listings.cfg 2007/02/22 1.4 listings configuration
))
Package: listings 2007/02/22 1.4 (Carsten Heinz)

(/usr/share/texlive/texmf-dist/tex/latex/graphics/color.sty
Package: color 2005/11/14 v1.0j Standard LaTeX Color (DPC)

(/usr/share/texlive/texmf-dist/tex/latex/latexconfig/color.cfg
File: color.cfg 2007/01/18 v1.5 color configuration of teTeX/TeXLive
)
Package color Info: Driver file: pdftex.def on input line 130.
)
(/usr/share/texlive/texmf-dist/tex/latex/changepage/chngpage.sty
Package: chngpage 2009/10/20 v1.2b change page layout
\c@cp@cnt=\count136
\c@cp@tempcnt=\count137
)
(/usr/share/texlive/texmf-dist/tex/latex/amsmath/amsmath.sty
Package: amsmath 2000/07/18 v2.13 AMS math features
\@mathmargin=\skip67

For additional information on amsmath, use the `?' option.
(/usr/share/texlive/texmf-dist/tex/latex/amsmath/amstext.sty
Package: amstext 2000/06/29 v2.01

(/usr/share/texlive/texmf-dist/tex/latex/amsmath/amsgen.sty
File: amsgen.sty 1999/11/30 v2.0
\@emptytoks=\toks22
\ex@=\dimen130
))
(/usr/share/texlive/texmf-dist/tex/latex/amsmath/amsbsy.sty
Package: amsbsy 1999/11/29 v1.2d
\pmbraise@=\dimen131
)
(/usr/share/texlive/texmf-dist/tex/latex/amsmath/amsopn.sty
Package: amsopn 1999/12/14 v2.01 operator names
)
\inf@bad=\count138
LaTeX Info: Redefining \frac on input line 211.
\uproot@=\count139
\leftroot@=\count140
LaTeX Info: Redefining \overline on input line 307.
\classnum@=\count141
\DOTSCASE@=\count142
LaTeX Info: Redefining \ldots on input line 379.
LaTeX Info: Redefining \dots on input line 382.
LaTeX Info: Redefining \cdots on input line 467.
\Mathstrutbox@=\box35
\strutbox@=\box36
\big@size=\dimen132
LaTeX Font Info:    Redeclaring font encoding OML on input line 567.
LaTeX Font Info:    Redeclaring font encoding OMS on input line 568.
\macc@depth=\count143
\c@MaxMatrixCols=\count144
\dotsspace@=\muskip11
\c@parentequation=\count145
\dspbrk@lvl=\count146
\tag@help=\toks23
\row@=\count147
\column@=\count148
\maxfields@=\count149
\andhelp@=\toks24
\eqnshift@=\dimen133
\alignsep@=\dimen134
\tagshift@=\dimen135
\tagwidth@=\dimen136
\totwidth@=\dimen137
\lineht@=\dimen138
\@envbody=\toks25
\multlinegap=\skip68
\multlinetaggap=\skip69
\mathdisplay@stack=\toks26
LaTeX Info: Redefining \[ on input line 2666.
LaTeX Info: Redefining \] on input line 2667.
)
(/usr/share/texlive/texmf-dist/tex/latex/multirow/multirow.sty
\bigstrutjot=\dimen139
) (./rapport.aux
(./title.aux) (./remerciements.aux) (./resume.aux) (./intro.aux) (./partie1.aux
) (./cahier.aux) (./partie2.aux) (./concl.aux) (./references.aux)
(./figures.aux) (./abreviations.aux) (./annexes.aux))
\openout1 = `rapport.aux'.

LaTeX Font Info:    Checking defaults for OML/cmm/m/it on input line 64.
LaTeX Font Info:    ... okay on input line 64.
LaTeX Font Info:    Checking defaults for T1/cmr/m/n on input line 64.
LaTeX Font Info:    ... okay on input line 64.
LaTeX Font Info:    Checking defaults for OT1/cmr/m/n on input line 64.
LaTeX Font Info:    ... okay on input line 64.
LaTeX Font Info:    Checking defaults for OMS/cmsy/m/n on input line 64.
LaTeX Font Info:    ... okay on input line 64.
LaTeX Font Info:    Checking defaults for OMX/cmex/m/n on input line 64.
LaTeX Font Info:    ... okay on input line 64.
LaTeX Font Info:    Checking defaults for U/cmr/m/n on input line 64.
LaTeX Font Info:    ... okay on input line 64.
LaTeX Font Info:    Checking defaults for PD1/pdf/m/n on input line 64.
LaTeX Font Info:    ... okay on input line 64.
LaTeX Info: Redefining \degres on input line 64.
LaTeX Info: Redefining \dots on input line 64.
LaTeX Info: Redefining \up on input line 64.

(/usr/share/texlive/texmf-dist/tex/context/base/supp-pdf.mkii
[Loading MPS to PDF converter (version 2006.09.02).]
\scratchcounter=\count150
\scratchdimen=\dimen140
\scratchbox=\box37
\nofMPsegments=\count151
\nofMParguments=\count152
\everyMPshowfont=\toks27
\MPscratchCnt=\count153
\MPscratchDim=\dimen141
\MPnumerator=\count154
\makeMPintoPDFobject=\count155
\everyMPtoPDFconversion=\toks28
) (/usr/share/texlive/texmf-dist/tex/latex/oberdiek/epstopdf-base.sty
Package: epstopdf-base 2010/02/09 v2.5 Base part for package epstopdf

(/usr/share/texlive/texmf-dist/tex/latex/oberdiek/grfext.sty
Package: grfext 2010/08/19 v1.1 Manage graphics extensions (HO)
)
Package grfext Info: Graphics extension search list:
(grfext)             [.png,.pdf,.jpg,.mps,.jpeg,.jbig2,.jb2,.PNG,.PDF,.JPG,.JPE
G,.JBIG2,.JB2,.eps]
(grfext)             \AppendGraphicsExtensions on input line 452.

(/usr/share/texlive/texmf-dist/tex/latex/latexconfig/epstopdf-sys.cfg
File: epstopdf-sys.cfg 2010/07/13 v1.3 Configuration of (r)epstopdf for TeX Liv
e
))
\AtBeginShipoutBox=\box38
Package hyperref Info: Link coloring OFF on input line 64.
LaTeX Info: Redefining \ref on input line 64.
LaTeX Info: Redefining \pageref on input line 64.
LaTeX Info: Redefining \nameref on input line 64.

(./rapport.out) (./rapport.out)
\@outlinefile=\write3
\openout3 = `rapport.out'.

LaTeX Info: Redefining \Ref on input line 64.
Package caption Info: Begin \AtBeginDocument code.
Package caption Info: float package is loaded.
Package caption Info: floatrow package is loaded.
Package caption Info: listings package is loaded.
Package caption Info: wrapfig package is loaded.
Package caption Info: End \AtBeginDocument code.
\c@lstlisting=\count156
\openout2 = `title.aux'.

 (./title.tex
<images/logo-cnrs.png, id=150, 70.2625pt x 70.2625pt>
File: images/logo-cnrs.png Graphic file (type png)

<use images/logo-cnrs.png>
Package pdftex.def Info: images/logo-cnrs.png used on input line 9.
(pdftex.def)             Requested size: 85.35826pt x 85.36308pt.

<images/siteon0.png, id=152, 228.855pt x 110.4125pt>
File: images/siteon0.png Graphic file (type png)
 <use images/siteon0.png>
Package pdftex.def Info: images/siteon0.png used on input line 17.
(pdftex.def)             Requested size: 142.26378pt x 68.63867pt.

<images/logo-paris8.jpg, id=153, 958.58125pt x 513.92pt>
File: images/logo-paris8.jpg Graphic file (type jpg)

<use images/logo-paris8.jpg>
Package pdftex.def Info: images/logo-paris8.jpg used on input line 44.
(pdftex.def)             Requested size: 113.81102pt x 61.01686pt.
 [1


{/var/lib/texmf/fonts/map/pdftex/updmap/pdftex.map} <./images/logo-cnrs.png> <.
/images/siteon0.png> <./images/logo-paris8.jpg>]) (./rapport.tocpdfTeX warning 
(ext4): destination with the same identifier (name{page.1}) has been already us
ed, duplicate ignored
<to be read again> 
                   \relax 
l.28 ... {3.5.1}Contexte}{26}{subsubsection.3.5.1}
                                                   [1


])
\tf@toc=\write4
\openout4 = `rapport.toc'.

 [2]
\openout2 = `remerciements.aux'.


(./remerciements.tex) [3


]
\openout2 = `resume.aux'.

 (./resume.tex) [4



]
\openout2 = `intro.aux'.

 (./intro.tex
Underfull \hbox (badness 1377) in paragraph at lines 4--7
[]\T1/cmr/m/n/12 La pre-mière an-née de mas-ter in-for-ma-tique à l'Uni-ver-sit
é Pa-ris 8
 []

) [5



]
\openout2 = `partie1.aux'.

 (./partie1.tex
<./images/repartition_effectif.png, id=266, 615.80063pt x 188.95593pt>
File: ./images/repartition_effectif.png Graphic file (type png)

<use ./images/repartition_effectif.png>
Package pdftex.def Info: ./images/repartition_effectif.png used on input line 1
3.
(pdftex.def)             Requested size: 507.00119pt x 155.5734pt.
 [6



 <./images/repartition_effectif.png>]
Underfull \hbox (badness 10000) in paragraph at lines 49--50

 []

[7]
Underfull \hbox (badness 10000) in paragraph at lines 59--60

 []


Underfull \hbox (badness 10000) in paragraph at lines 61--62

 []

LaTeX Font Info:    Try loading font information for OMS+cmr on input line 67.
(/usr/share/texlive/texmf-dist/tex/latex/base/omscmr.fd
File: omscmr.fd 1999/05/25 v2.5h Standard LaTeX font definitions
)
LaTeX Font Info:    Font shape `OMS/cmr/m/n' in size <12> not available
(Font)              Font shape `OMS/cmsy/m/n' tried instead on input line 67.

Underfull \hbox (badness 10000) in paragraph at lines 66--70

 []


Underfull \hbox (badness 10000) in paragraph at lines 72--76

 []


Underfull \hbox (badness 10000) in paragraph at lines 78--82

 []

<./images/aramis-cpu-monthm.png, id=281, 493.845pt x 225.84375pt>
File: ./images/aramis-cpu-monthm.png Graphic file (type png)

<use ./images/aramis-cpu-monthm.png>
Package pdftex.def Info: ./images/aramis-cpu-monthm.png used on input line 95.
(pdftex.def)             Requested size: 195.0pt x 89.17456pt.

<./images/m2paris-cpu-monthm.png, id=282, 498.86375pt x 226.8475pt>
File: ./images/m2paris-cpu-monthm.png Graphic file (type png)

<use ./images/m2paris-cpu-monthm.png>
Package pdftex.def Info: ./images/m2paris-cpu-monthm.png used on input line 103
.
(pdftex.def)             Requested size: 195.0pt x 88.67093pt.

Overfull \hbox (5.22098pt too wide) in paragraph at lines 93--108
 [][]  [] 
 []

<./images/medusa-cpu-monthm.png, id=283, 497.86pt x 225.84375pt>
File: ./images/medusa-cpu-monthm.png Graphic file (type png)

<use ./images/medusa-cpu-monthm.png>
Package pdftex.def Info: ./images/medusa-cpu-monthm.png used on input line 111.

(pdftex.def)             Requested size: 195.0pt x 88.45776pt.
 [8] [9 <./images/aramis-cpu-monthm.png> <./images/m2paris-cpu-monthm.png> <./i
mages/medusa-cpu-monthm.png>]
Underfull \hbox (badness 10000) in paragraph at lines 132--137

 []


Underfull \hbox (badness 10000) in paragraph at lines 132--137

 []


Underfull \hbox (badness 10000) in paragraph at lines 137--141

 []


Underfull \hbox (badness 10000) in paragraph at lines 137--141

 []

[10] <./images/gcc.png, id=308, 468.952pt x 553.267pt>
File: ./images/gcc.png Graphic file (type png)
 <use ./images/gcc.png>
Package pdftex.def Info: ./images/gcc.png used on input line 153.
(pdftex.def)             Requested size: 46.79976pt x 55.21175pt.

<./images/gdb.png, id=309, 128.48pt x 128.48pt>
File: ./images/gdb.png Graphic file (type png)
 <use ./images/gdb.png>
Package pdftex.def Info: ./images/gdb.png used on input line 161.
(pdftex.def)             Requested size: 58.5006pt x 58.5016pt.

<./images/Valgrind_logo.png, id=310, 326.21875pt x 213.79875pt>
File: ./images/Valgrind_logo.png Graphic file (type png)

<use ./images/Valgrind_logo.png>
Package pdftex.def Info: ./images/Valgrind_logo.png used on input line 169.
(pdftex.def)             Requested size: 81.90047pt x 53.67465pt.
) [11 <./images/gcc.png> <./images/gdb.png> <./images/Valgrind_logo.png>]
\openout2 = `cahier.aux'.

 (./cahier.tex

Package Fancyhdr Warning: \headheight is too small (14.5pt): 
 Make it at least 14.6104pt.
 We now make it that large for the rest of the document.
 This may cause the page layout to be inconsistent, however.

[12



] <./images/gdl-mod.png, id=326, 1279.78125pt x 1116.17pt>
File: ./images/gdl-mod.png Graphic file (type png)

<use ./images/gdl-mod.png>
Package pdftex.def Info: ./images/gdl-mod.png used on input line 34.
(pdftex.def)             Requested size: 507.00119pt x 442.18523pt.
 [13] [14 <./images/gdl-mod.png>] [15]
<./images/GPLv3_Logo.png, id=343, 501.875pt x 249.93375pt>
File: ./images/GPLv3_Logo.png Graphic file (type png)

<use ./images/GPLv3_Logo.png>
Package pdftex.def Info: ./images/GPLv3_Logo.png used on input line 79.
(pdftex.def)             Requested size: 155.99762pt x 77.6884pt.
) [16 <./images/GPLv3_Logo.png>]
\openout2 = `partie2.aux'.

 (./partie2.tex
[17



] (/usr/share/texlive/texmf-dist/tex/latex/listings/lstlang1.sty
File: lstlang1.sty 2004/09/05 1.3 listings language file
)
(/usr/share/texlive/texmf-dist/tex/latex/listings/lstlang1.sty
File: lstlang1.sty 2004/09/05 1.3 listings language file
)
LaTeX Font Info:    Try loading font information for T1+cmtt on input line 78.

(/usr/share/texlive/texmf-dist/tex/latex/base/t1cmtt.fd
File: t1cmtt.fd 1999/05/25 v2.5h Standard LaTeX font definitions
) [18]
(/usr/share/texlive/texmf-dist/tex/latex/listings/lstlang1.sty
File: lstlang1.sty 2004/09/05 1.3 listings language file
)
(/usr/share/texlive/texmf-dist/tex/latex/listings/lstlang1.sty
File: lstlang1.sty 2004/09/05 1.3 listings language file
)
(/usr/share/texlive/texmf-dist/tex/latex/listings/lstmisc.sty
File: lstmisc.sty 2007/02/22 1.4 (Carsten Heinz)
)

! Package keyval Error: ils belowskip undefined.

See the keyval package documentation for explanation.
Type  H <return>  for immediate help.
 ...                                              
                                                  
l.133 }
       
Try typing  <return>  to proceed.
If that doesn't work, type  X <return>  to quit.

[19]

LaTeX Font Warning: Command \large invalid in math mode on input line 166.

LaTeX Font Info:    Calculating math sizes for size <> on input line 169.

LaTeX Font Warning: Font shape `OT1/cmr/m/n' in size <> not available
(Font)              size <5> substituted on input line 169.


LaTeX Font Warning: Font shape `OT1/cmr/m/n' in size <0.7> not available
(Font)              size <5> substituted on input line 169.


LaTeX Font Warning: Font shape `OT1/cmr/m/n' in size <0.5> not available
(Font)              size <5> substituted on input line 169.


LaTeX Font Warning: Font shape `OML/cmm/m/it' in size <> not available
(Font)              size <5> substituted on input line 169.


LaTeX Font Warning: Font shape `OML/cmm/m/it' in size <0.7> not available
(Font)              size <5> substituted on input line 169.


LaTeX Font Warning: Font shape `OML/cmm/m/it' in size <0.5> not available
(Font)              size <5> substituted on input line 169.


LaTeX Font Warning: Font shape `OMS/cmsy/m/n' in size <> not available
(Font)              size <5> substituted on input line 169.


LaTeX Font Warning: Font shape `OMS/cmsy/m/n' in size <0.7> not available
(Font)              size <5> substituted on input line 169.


LaTeX Font Warning: Font shape `OMS/cmsy/m/n' in size <0.5> not available
(Font)              size <5> substituted on input line 169.

[20] [21]
Underfull \hbox (badness 10000) in paragraph at lines 194--195

 []


! Package floatrow Error: Caption(s) lost.

See the floatrow package documentation for explanation.
Type  H <return>  for immediate help.
 ...                                              
                                                  
l.226 ...nction INVERT, utilisant la GSL ou Eigen}
                                                  
If you do not understand this error, please take look
at `floatrow' and `caption' package documentations.
Try typing  <return>  to proceed.
If that doesn't work, type  X <return>  to quit.

[22]
Underfull \hbox (badness 10000) in paragraph at lines 245--246

 []


Underfull \hbox (badness 10000) in paragraph at lines 258--259

 []

<./images/ex_chol.png, id=397, 469.755pt x 73.27374pt>
File: ./images/ex_chol.png Graphic file (type png)

<use ./images/ex_chol.png>
Package pdftex.def Info: ./images/ex_chol.png used on input line 263.
(pdftex.def)             Requested size: 312.00119pt x 48.66714pt.
 [23 <./images/ex_chol.png>]
Underfull \hbox (badness 10000) in paragraph at lines 277--280

 []

<./images/ex_chols.png, id=407, 319.94531pt x 155.07938pt>
File: ./images/ex_chols.png Graphic file (type png)

<use ./images/ex_chols.png>
Package pdftex.def Info: ./images/ex_chols.png used on input line 285.
(pdftex.def)             Requested size: 234.00238pt x 113.42468pt.

<./images/ex_chols_idl.png, id=408, 348.55219pt x 155.83218pt>
File: ./images/ex_chols_idl.png Graphic file (type png)

<use ./images/ex_chols_idl.png>
Package pdftex.def Info: ./images/ex_chols_idl.png used on input line 292.
(pdftex.def)             Requested size: 234.00238pt x 104.61864pt.
 [24 <./images/ex_chols.png> <./images/ex_chols_idl.png>] [25]
<./images/convol_example2.png, id=430, 482.80376pt x 207.77625pt>
File: ./images/convol_example2.png Graphic file (type png)

<use ./images/convol_example2.png>
Package pdftex.def Info: ./images/convol_example2.png used on input line 353.
(pdftex.def)             Requested size: 312.00119pt x 134.2762pt.

<./images/ex_edge_or.png, id=432, 31.42174pt x 31.42174pt>
File: ./images/ex_edge_or.png Graphic file (type png)

<use ./images/ex_edge_or.png>
Package pdftex.def Info: ./images/ex_edge_or.png used on input line 365.
(pdftex.def)             Requested size: 117.00119pt x 117.02904pt.

<./images/filtre.png, id=433, 123.46124pt x 73.27374pt>
File: ./images/filtre.png Graphic file (type png)

<use ./images/filtre.png>
Package pdftex.def Info: ./images/filtre.png used on input line 372.
(pdftex.def)             Requested size: 117.00119pt x 69.44304pt.

<./images/ex_edge_ch.png, id=434, 31.42174pt x 31.42174pt>
File: ./images/ex_edge_ch.png Graphic file (type png)

<use ./images/ex_edge_ch.png>
Package pdftex.def Info: ./images/ex_edge_ch.png used on input line 379.
(pdftex.def)             Requested size: 117.00119pt x 117.02904pt.
 [26 <./images/convol_example2.png>] [27 <./images/ex_edge_or.png> <./images/fi
ltre.png> <./images/ex_edge_ch.png>]) [28]
\openout2 = `concl.aux'.


(./concl.tex
Underfull \hbox (badness 10000) in paragraph at lines 4--5

 []


Underfull \hbox (badness 10000) in paragraph at lines 6--7

 []


Underfull \hbox (badness 10000) in paragraph at lines 8--9

 []


Underfull \hbox (badness 10000) in paragraph at lines 8--9

 []


Underfull \hbox (badness 10000) in paragraph at lines 8--9

 []


Underfull \hbox (badness 10000) in paragraph at lines 10--11

 []

[29



]) [30]
\openout2 = `references.aux'.

 (./references.tex
Underfull \hbox (badness 10000) in paragraph at lines 34--38
[]$\T1/cmtt/m/n/12 http : / / www . aeres-[]evaluation . fr / content / downloa
d / 13342 /
 []


Underfull \hbox (badness 7047) in paragraph at lines 40--45
\T1/cmr/m/n/12 Schel-lens and The GDL team. Jan-vier 3, 2012. []$\T1/cmtt/m/n/1
2 http : / /
 []

) [31



]
\openout2 = `figures.aux'.

 (./figures.tex
Underfull \hbox (badness 10000) in paragraph at lines 9--12
[]$\T1/cmtt/m/n/12 https : / / sionet . obspm . fr / munin / lerma-[]a111 / ara
mis / cpu-[]month .
 []


Underfull \hbox (badness 10000) in paragraph at lines 12--15
[]$\T1/cmtt/m/n/12 https : / / sionet . obspm . fr / munin / ufe / m2dsg-[]pro 
. obspm . fr /
 []


Underfull \hbox (badness 10000) in paragraph at lines 15--18
[]$\T1/cmtt/m/n/12 https : / / sionet . obspm . fr / munin / lerma-[]b15 / medu
sa / cpu-[]month .
 []


Underfull \hbox (badness 10000) in paragraph at lines 18--21
[]$\T1/cmtt/m/n/12 http : / / upload . wikimedia . org / wikipedia / commons / 
thumb / a / a9 /
 []


Underfull \hbox (badness 10000) in paragraph at lines 21--24
[]$\T1/cmtt/m/n/12 https : / / upload . wikimedia . org / wikipedia / commons /
 6 / 6a /
 []


Underfull \hbox (badness 10000) in paragraph at lines 24--27
[]$\T1/cmtt/m/n/12 https : / / upload . wikimedia . org / wikipedia / fr / f / 
f9 / Valgrind _
 []


Underfull \hbox (badness 10000) in paragraph at lines 30--33
[]$\T1/cmtt/m/n/12 http : / / upload . wikimedia . org / wikipedia / commons / 
thumb / 9 / 93 /
 []


Underfull \hbox (badness 10000) in paragraph at lines 33--36
[]$\T1/cmtt/m/n/12 http : / / upload . wikimedia . org / math / 9 / 7 / 3 /
 []


Underfull \hbox (badness 10000) in paragraph at lines 36--39
[]$\T1/cmtt/m/n/12 http : / / www . exelisvis . com / docs / html / images / co
nvol _ example2 .
 []

[32



]
Underfull \hbox (badness 10000) in paragraph at lines 39--42
[]$\T1/cmtt/m/n/12 http : / / upload . wikimedia . org / wikipedia / commons / 
5 / 50 /
 []


Underfull \hbox (badness 10000) in paragraph at lines 42--45
[]$\T1/cmtt/m/n/12 http : / / upload . wikimedia . org / math / 4 / e / 1 /
 []


Underfull \hbox (badness 10000) in paragraph at lines 45--48
[]$\T1/cmtt/m/n/12 http : / / upload . wikimedia . org / wikipedia / commons / 
6 / 6d /
 []

) [33]
\openout2 = `abreviations.aux'.

 (./abreviations.tex [34



]) [35]
\openout2 = `annexes.aux'.

 (./annexes.texpdfTeX warning (ext4): destination with the same identifier (nam
e{subsection.3.1}) has been already used, duplicate ignored
<to be read again> 
                   \relax 
l.30 ...ection{Code de \textit{set\_num\_threads}}
                                                  
Package hyperref Info: bookmark level for unknown lstlisting defaults to 0 on i
nput line 33.
 (./codes/set_num_threads.cpp [1



]
Overfull \hbox (21.92934pt too wide) in paragraph at lines 71--72
[][][][][][][][][][][][][][][][][][][][][][][][][]  
 []

[2])pdfTeX warning (ext4): destination with the same identifier (name{subsectio
n.3.2}) has been already used, duplicate ignored
<to be read again> 
                   \relax 
l.35 \subsection{Fonction de convolution}
                                          (./codes/convol.cpp [3] [4] [5]
[6])) [7]
Package atveryend Info: Empty hook `BeforeClearDocument' on input line 98.
Package atveryend Info: Empty hook `AfterLastShipout' on input line 98.
 (./rapport.aux (./title.aux) (./remerciements.aux) (./resume.aux)
(./intro.aux) (./partie1.aux) (./cahier.aux) (./partie2.aux) (./concl.aux)
(./references.aux) (./figures.aux) (./abreviations.aux) (./annexes.aux))
Package atveryend Info: Executing hook `AtVeryEndDocument' on input line 98.
Package atveryend Info: Executing hook `AtEndAfterFileList' on input line 98.
Package rerunfilecheck Info: File `rapport.out' has not changed.
(rerunfilecheck)             Checksum: 11281448B64729A256BFC65443550652;2512.


LaTeX Font Warning: Size substitutions with differences
(Font)              up to 4.5pt have occurred.

Package atveryend Info: Empty hook `AtVeryVeryEnd' on input line 98.
 ) 
Here is how much of TeX's memory you used:
 11827 strings out of 495030
 167720 string characters out of 3180762
 362099 words of memory out of 3000000
 14357 multiletter control sequences out of 15000+200000
 25670 words of font info for 59 fonts, out of 3000000 for 9000
 14 hyphenation exceptions out of 8191
 37i,13n,60p,1093b,1865s stack positions out of 5000i,500n,10000p,200000b,50000s
 </home/nodarai/.texmf-var/fonts/pk/ljfour/jknappen/ec/ectt1095.600pk> </home
/nodarai/.texmf-var/fonts/pk/ljfour/jknappen/ec/ecrm0600.600pk> </home/nodarai/
.texmf-var/fonts/pk/ljfour/jknappen/ec/ecbi1440.600pk> </home/nodarai/.texmf-va
r/fonts/pk/ljfour/jknappen/ec/ecbx0800.600pk> </home/nodarai/.texmf-var/fonts/p
k/ljfour/jknappen/ec/ecrm1000.600pk> </home/nodarai/.texmf-var/fonts/pk/ljfour/
jknappen/ec/ecti1000.600pk> </home/nodarai/.texmf-var/fonts/pk/ljfour/jknappen/
ec/ectt1200.600pk> </home/nodarai/.texmf-var/fonts/pk/ljfour/jknappen/ec/eccc10
95.600pk> </home/nodarai/.texmf-var/fonts/pk/ljfour/jknappen/ec/ecrm1095.600pk>
 </home/nodarai/.texmf-var/fonts/pk/ljfour/jknappen/ec/ecrm0800.600pk> </home/n
odarai/.texmf-var/fonts/pk/ljfour/jknappen/ec/eccc1200.600pk> </home/nodarai/.t
exmf-var/fonts/pk/ljfour/jknappen/ec/ecbx1440.600pk> </home/nodarai/.texmf-var/
fonts/pk/ljfour/jknappen/ec/ecti1200.600pk> </home/nodarai/.texmf-var/fonts/pk/
ljfour/jknappen/ec/ecrm1200.600pk> </home/nodarai/.texmf-var/fonts/pk/ljfour/jk
nappen/ec/ecbx1200.600pk> </home/nodarai/.texmf-var/fonts/pk/ljfour/jknappen/ec
/ecbx1728.600pk> </home/nodarai/.texmf-var/fonts/pk/ljfour/jknappen/ec/ecrm1440
.600pk> </home/nodarai/.texmf-var/fonts/pk/ljfour/jknappen/ec/ecti1440.600pk> <
/home/nodarai/.texmf-var/fonts/pk/ljfour/jknappen/ec/ecbx2488.600pk> </home/nod
arai/.texmf-var/fonts/pk/ljfour/jknappen/ec/eccc1728.600pk> </home/nodarai/.tex
mf-var/fonts/pk/ljfour/jknappen/ec/eccc1440.600pk></usr/share/texlive/texmf-dis
t/fonts/type1/public/amsfonts/cm/cmmi12.pfb></usr/share/texlive/texmf-dist/font
s/type1/public/amsfonts/cm/cmmi8.pfb></usr/share/texlive/texmf-dist/fonts/type1
/public/amsfonts/cm/cmr12.pfb></usr/share/texlive/texmf-dist/fonts/type1/public
/amsfonts/cm/cmsy10.pfb></usr/share/texlive/texmf-dist/fonts/type1/public/amsfo
nts/cm/cmsy8.pfb></usr/share/texlive/texmf-dist/fonts/type1/public/eurosym/feym
r10.pfb>
Output written on rapport.pdf (43 pages, 1534445 bytes).
PDF statistics:
 1708 PDF objects out of 1728 (max. 8388607)
 944 compressed objects within 10 object streams
 377 named destinations out of 1000 (max. 500000)
 392 words of extra memory for PDF output out of 10000 (max. 10000000)

